<?xml version="1.0" encoding="UTF-8"?>
<coverage generated="1759202923268" clover="3.2.0">
  <project timestamp="1759202923268" name="All files">
    <metrics statements="106" coveredstatements="87" conditionals="60" coveredconditionals="36" methods="31" coveredmethods="22" elements="197" coveredelements="145" complexity="0" loc="106" ncloc="106" packages="3" files="8" classes="8"/>
    <package name="components">
      <metrics statements="67" coveredstatements="49" conditionals="44" coveredconditionals="25" methods="17" coveredmethods="9"/>
      <file name="CharacterCard.tsx" path="C:\Users\nicolas\Desktop\prueba2\react-optimization-accesibility\src\components\CharacterCard.tsx">
        <metrics statements="14" coveredstatements="14" conditionals="13" coveredconditionals="8" methods="2" coveredmethods="2"/>
        <line num="2" count="1" type="stmt"/>
        <line num="6" count="1" type="stmt"/>
        <line num="7" count="5" type="stmt"/>
        <line num="9" count="5" type="stmt"/>
        <line num="10" count="5" type="cond" truecount="3" falsecount="0"/>
        <line num="12" count="3" type="stmt"/>
        <line num="14" count="1" type="stmt"/>
        <line num="16" count="1" type="stmt"/>
        <line num="20" count="5" type="cond" truecount="1" falsecount="1"/>
        <line num="21" count="5" type="cond" truecount="1" falsecount="1"/>
        <line num="22" count="5" type="cond" truecount="1" falsecount="1"/>
        <line num="23" count="5" type="cond" truecount="1" falsecount="1"/>
        <line num="24" count="5" type="cond" truecount="1" falsecount="1"/>
        <line num="26" count="5" type="stmt"/>
      </file>
      <file name="LanguageSwitcher.tsx" path="C:\Users\nicolas\Desktop\prueba2\react-optimization-accesibility\src\components\LanguageSwitcher.tsx">
        <metrics statements="6" coveredstatements="0" conditionals="0" coveredconditionals="0" methods="2" coveredmethods="0"/>
        <line num="1" count="0" type="stmt"/>
        <line num="3" count="0" type="stmt"/>
        <line num="4" count="0" type="stmt"/>
        <line num="5" count="0" type="stmt"/>
        <line num="6" count="0" type="stmt"/>
        <line num="9" count="0" type="stmt"/>
      </file>
      <file name="LoadingSpinner.tsx" path="C:\Users\nicolas\Desktop\prueba2\react-optimization-accesibility\src\components\LoadingSpinner.tsx">
        <metrics statements="3" coveredstatements="3" conditionals="0" coveredconditionals="0" methods="1" coveredmethods="1"/>
        <line num="3" count="1" type="stmt"/>
        <line num="4" count="2" type="stmt"/>
        <line num="11" count="1" type="stmt"/>
      </file>
      <file name="Pagination.tsx" path="C:\Users\nicolas\Desktop\prueba2\react-optimization-accesibility\src\components\Pagination.tsx">
        <metrics statements="25" coveredstatements="24" conditionals="18" coveredconditionals="15" methods="6" coveredmethods="5"/>
        <line num="1" count="1" type="stmt"/>
        <line num="11" count="1" type="stmt"/>
        <line num="18" count="8" type="stmt"/>
        <line num="20" count="8" type="stmt"/>
        <line num="21" count="7" type="stmt"/>
        <line num="22" count="7" type="stmt"/>
        <line num="23" count="7" type="stmt"/>
        <line num="25" count="7" type="stmt"/>
        <line num="26" count="7" type="stmt"/>
        <line num="30" count="16" type="stmt"/>
        <line num="33" count="7" type="cond" truecount="2" falsecount="0"/>
        <line num="34" count="1" type="stmt"/>
        <line num="36" count="6" type="stmt"/>
        <line num="39" count="7" type="stmt"/>
        <line num="41" count="7" type="cond" truecount="2" falsecount="0"/>
        <line num="42" count="4" type="stmt"/>
        <line num="43" count="3" type="cond" truecount="1" falsecount="1"/>
        <line num="44" count="3" type="stmt"/>
        <line num="47" count="7" type="stmt"/>
        <line num="50" count="8" type="cond" truecount="2" falsecount="0"/>
        <line num="52" count="7" type="stmt"/>
        <line num="60" count="0" type="cond" truecount="0" falsecount="2"/>
        <line num="69" count="35" type="cond" truecount="2" falsecount="0"/>
        <line num="77" count="1" type="stmt"/>
        <line num="92" count="1" type="cond" truecount="2" falsecount="0"/>
      </file>
      <file name="ResponsiveImage.tsx" path="C:\Users\nicolas\Desktop\prueba2\react-optimization-accesibility\src\components\ResponsiveImage.tsx">
        <metrics statements="6" coveredstatements="0" conditionals="10" coveredconditionals="0" methods="2" coveredmethods="0"/>
        <line num="13" count="0" type="stmt"/>
        <line num="22" count="0" type="cond" truecount="0" falsecount="2"/>
        <line num="23" count="0" type="cond" truecount="0" falsecount="2"/>
        <line num="24" count="0" type="stmt"/>
        <line num="26" count="0" type="cond" truecount="0" falsecount="2"/>
        <line num="30" count="0" type="stmt"/>
      </file>
      <file name="SearchBar.tsx" path="C:\Users\nicolas\Desktop\prueba2\react-optimization-accesibility\src\components\SearchBar.tsx">
        <metrics statements="13" coveredstatements="8" conditionals="3" coveredconditionals="2" methods="4" coveredmethods="1"/>
        <line num="1" count="1" type="stmt"/>
        <line num="2" count="1" type="stmt"/>
        <line num="9" count="1" type="cond" truecount="1" falsecount="0"/>
        <line num="10" count="7" type="stmt"/>
        <line num="11" count="7" type="stmt"/>
        <line num="13" count="7" type="stmt"/>
        <line num="14" count="0" type="stmt"/>
        <line num="15" count="0" type="stmt"/>
        <line num="18" count="7" type="stmt"/>
        <line num="19" count="0" type="stmt"/>
        <line num="20" count="0" type="stmt"/>
        <line num="23" count="7" type="stmt"/>
        <line num="40" count="0" type="stmt"/>
      </file>
    </package>
    <package name="hooks">
      <metrics statements="22" coveredstatements="21" conditionals="6" coveredconditionals="5" methods="9" coveredmethods="8"/>
      <file name="useCharacters.ts" path="C:\Users\nicolas\Desktop\prueba2\react-optimization-accesibility\src\hooks\useCharacters.ts">
        <metrics statements="22" coveredstatements="21" conditionals="6" coveredconditionals="5" methods="9" coveredmethods="8"/>
        <line num="1" count="1" type="stmt"/>
        <line num="3" count="1" type="stmt"/>
        <line num="17" count="1" type="stmt"/>
        <line num="18" count="14" type="stmt"/>
        <line num="30" count="14" type="stmt"/>
        <line num="32" count="14" type="cond" truecount="2" falsecount="0"/>
        <line num="33" count="6" type="stmt"/>
        <line num="35" count="6" type="stmt"/>
        <line num="38" count="6" type="cond" truecount="2" falsecount="0"/>
        <line num="39" count="1" type="stmt"/>
        <line num="41" count="5" type="stmt"/>
        <line num="44" count="5" type="stmt"/>
        <line num="56" count="1" type="stmt"/>
        <line num="71" count="14" type="stmt"/>
        <line num="72" count="1" type="stmt"/>
        <line num="73" count="1" type="stmt"/>
        <line num="76" count="14" type="stmt"/>
        <line num="77" count="1" type="stmt"/>
        <line num="80" count="14" type="stmt"/>
        <line num="81" count="4" type="stmt"/>
        <line num="84" count="14" type="stmt"/>
        <line num="88" count="0" type="stmt"/>
      </file>
    </package>
    <package name="services">
      <metrics statements="17" coveredstatements="17" conditionals="10" coveredconditionals="6" methods="5" coveredmethods="5"/>
      <file name="mockApi.ts" path="C:\Users\nicolas\Desktop\prueba2\react-optimization-accesibility\src\services\mockApi.ts">
        <metrics statements="17" coveredstatements="17" conditionals="10" coveredconditionals="6" methods="5" coveredmethods="5"/>
        <line num="4" count="1" type="stmt"/>
        <line num="119" count="7" type="stmt"/>
        <line num="121" count="1" type="stmt"/>
        <line num="123" count="3" type="stmt"/>
        <line num="124" count="3" type="stmt"/>
        <line num="125" count="3" type="stmt"/>
        <line num="126" count="3" type="stmt"/>
        <line num="127" count="3" type="stmt"/>
        <line num="129" count="3" type="stmt"/>
        <line num="141" count="4" type="stmt"/>
        <line num="142" count="4" type="stmt"/>
        <line num="143" count="32" type="stmt"/>
        <line num="146" count="4" type="stmt"/>
        <line num="147" count="4" type="stmt"/>
        <line num="148" count="4" type="stmt"/>
        <line num="149" count="4" type="stmt"/>
        <line num="151" count="4" type="stmt"/>
      </file>
    </package>
  </project>
</coverage>
