{"C:\\Users\\nicolas\\Desktop\\prueba2\\react-optimization-accesibility\\src\\components\\CharacterCard.tsx": {"path":"C:\\Users\\nicolas\\Desktop\\prueba2\\react-optimization-accesibility\\src\\components\\CharacterCard.tsx","statementMap":{"0":{"start":{"line":6,"column":0},"end":{"line":6,"column":24}},"1":{"start":{"line":2,"column":0},"end":{"line":2,"column":47}},"2":{"start":{"line":7,"column":16},"end":{"line":7,"column":32}},"3":{"start":{"line":9,"column":25},"end":{"line":18,"column":3}},"4":{"start":{"line":10,"column":4},"end":{"line":17,"column":5}},"5":{"start":{"line":12,"column":8},"end":{"line":12,"column":30}},"6":{"start":{"line":14,"column":8},"end":{"line":14,"column":28}},"7":{"start":{"line":16,"column":8},"end":{"line":16,"column":29}},"8":{"start":{"line":20,"column":17},"end":{"line":20,"column":49}},"9":{"start":{"line":21,"column":18},"end":{"line":21,"column":51}},"10":{"start":{"line":22,"column":17},"end":{"line":22,"column":49}},"11":{"start":{"line":23,"column":17},"end":{"line":23,"column":55}},"12":{"start":{"line":24,"column":19},"end":{"line":24,"column":59}},"13":{"start":{"line":26,"column":2},"end":{"line":59,"column":4}}},"fnMap":{"0":{"name":"CharacterCard","decl":{"start":{"line":6,"column":24},"end":{"line":6,"column":37}},"loc":{"start":{"line":6,"column":58},"end":{"line":60,"column":1}}},"1":{"name":"(anonymous_1)","decl":{"start":{"line":9,"column":25},"end":{"line":9,"column":26}},"loc":{"start":{"line":9,"column":44},"end":{"line":18,"column":3}}}},"branchMap":{"0":{"loc":{"start":{"line":10,"column":4},"end":{"line":17,"column":5}},"type":"switch","locations":[{"start":{"line":11,"column":6},"end":{"line":12,"column":30}},{"start":{"line":13,"column":6},"end":{"line":14,"column":28}},{"start":{"line":15,"column":6},"end":{"line":16,"column":29}}]},"1":{"loc":{"start":{"line":20,"column":17},"end":{"line":20,"column":49}},"type":"binary-expr","locations":[{"start":{"line":20,"column":17},"end":{"line":20,"column":33}},{"start":{"line":20,"column":37},"end":{"line":20,"column":49}}]},"2":{"loc":{"start":{"line":21,"column":18},"end":{"line":21,"column":51}},"type":"binary-expr","locations":[{"start":{"line":21,"column":18},"end":{"line":21,"column":35}},{"start":{"line":21,"column":39},"end":{"line":21,"column":51}}]},"3":{"loc":{"start":{"line":22,"column":17},"end":{"line":22,"column":49}},"type":"binary-expr","locations":[{"start":{"line":22,"column":17},"end":{"line":22,"column":33}},{"start":{"line":22,"column":37},"end":{"line":22,"column":49}}]},"4":{"loc":{"start":{"line":23,"column":17},"end":{"line":23,"column":55}},"type":"binary-expr","locations":[{"start":{"line":23,"column":17},"end":{"line":23,"column":39}},{"start":{"line":23,"column":43},"end":{"line":23,"column":55}}]},"5":{"loc":{"start":{"line":24,"column":19},"end":{"line":24,"column":59}},"type":"binary-expr","locations":[{"start":{"line":24,"column":19},"end":{"line":24,"column":43}},{"start":{"line":24,"column":47},"end":{"line":24,"column":59}}]}},"s":{"0":1,"1":1,"2":5,"3":5,"4":5,"5":3,"6":1,"7":1,"8":5,"9":5,"10":5,"11":5,"12":5,"13":5},"f":{"0":5,"1":5},"b":{"0":[3,1,1],"1":[5,0],"2":[5,0],"3":[5,0],"4":[5,0],"5":[5,0]}}
,"C:\\Users\\nicolas\\Desktop\\prueba2\\react-optimization-accesibility\\src\\components\\LanguageSwitcher.tsx": {"path":"C:\\Users\\nicolas\\Desktop\\prueba2\\react-optimization-accesibility\\src\\components\\LanguageSwitcher.tsx","statementMap":{"0":{"start":{"line":3,"column":0},"end":{"line":3,"column":24}},"1":{"start":{"line":1,"column":0},"end":{"line":1,"column":47}},"2":{"start":{"line":4,"column":22},"end":{"line":4,"column":38}},"3":{"start":{"line":5,"column":19},"end":{"line":7,"column":3}},"4":{"start":{"line":6,"column":4},"end":{"line":6,"column":40}},"5":{"start":{"line":9,"column":2},"end":{"line":22,"column":4}}},"fnMap":{"0":{"name":"LanguageSwitcher","decl":{"start":{"line":3,"column":24},"end":{"line":3,"column":40}},"loc":{"start":{"line":3,"column":40},"end":{"line":23,"column":1}}},"1":{"name":"(anonymous_1)","decl":{"start":{"line":5,"column":19},"end":{"line":5,"column":20}},"loc":{"start":{"line":5,"column":63},"end":{"line":7,"column":3}}}},"branchMap":{},"s":{"0":0,"1":0,"2":0,"3":0,"4":0,"5":0},"f":{"0":0,"1":0},"b":{}}
,"C:\\Users\\nicolas\\Desktop\\prueba2\\react-optimization-accesibility\\src\\components\\LoadingSpinner.tsx": {"path":"C:\\Users\\nicolas\\Desktop\\prueba2\\react-optimization-accesibility\\src\\components\\LoadingSpinner.tsx","statementMap":{"0":{"start":{"line":3,"column":33},"end":{"line":9,"column":1}},"1":{"start":{"line":4,"column":2},"end":{"line":8,"column":4}},"2":{"start":{"line":11,"column":0},"end":{"line":11,"column":30}}},"fnMap":{"0":{"name":"(anonymous_0)","decl":{"start":{"line":3,"column":33},"end":{"line":3,"column":36}},"loc":{"start":{"line":3,"column":38},"end":{"line":9,"column":1}}}},"branchMap":{},"s":{"0":1,"1":2,"2":1},"f":{"0":2},"b":{}}
,"C:\\Users\\nicolas\\Desktop\\prueba2\\react-optimization-accesibility\\src\\components\\Pagination.tsx": {"path":"C:\\Users\\nicolas\\Desktop\\prueba2\\react-optimization-accesibility\\src\\components\\Pagination.tsx","statementMap":{"0":{"start":{"line":11,"column":0},"end":{"line":11,"column":24}},"1":{"start":{"line":1,"column":0},"end":{"line":1,"column":47}},"2":{"start":{"line":18,"column":16},"end":{"line":18,"column":32}},"3":{"start":{"line":20,"column":26},"end":{"line":48,"column":3}},"4":{"start":{"line":21,"column":18},"end":{"line":21,"column":19}},"5":{"start":{"line":22,"column":42},"end":{"line":22,"column":44}},"6":{"start":{"line":23,"column":50},"end":{"line":23,"column":52}},"7":{"start":{"line":25,"column":4},"end":{"line":31,"column":5}},"8":{"start":{"line":26,"column":14},"end":{"line":26,"column":46}},"9":{"start":{"line":30,"column":6},"end":{"line":30,"column":20}},"10":{"start":{"line":33,"column":4},"end":{"line":37,"column":5}},"11":{"start":{"line":34,"column":6},"end":{"line":34,"column":33}},"12":{"start":{"line":36,"column":6},"end":{"line":36,"column":28}},"13":{"start":{"line":39,"column":4},"end":{"line":39,"column":33}},"14":{"start":{"line":41,"column":4},"end":{"line":45,"column":5}},"15":{"start":{"line":42,"column":6},"end":{"line":42,"column":42}},"16":{"start":{"line":43,"column":11},"end":{"line":45,"column":5}},"17":{"start":{"line":44,"column":6},"end":{"line":44,"column":37}},"18":{"start":{"line":47,"column":4},"end":{"line":47,"column":25}},"19":{"start":{"line":50,"column":2},"end":{"line":50,"column":35}},"20":{"start":{"line":50,"column":23},"end":{"line":50,"column":35}},"21":{"start":{"line":52,"column":2},"end":{"line":100,"column":4}},"22":{"start":{"line":60,"column":23},"end":{"line":60,"column":63}},"23":{"start":{"line":69,"column":8},"end":{"line":86,"column":null}},"24":{"start":{"line":77,"column":27},"end":{"line":77,"column":45}},"25":{"start":{"line":92,"column":23},"end":{"line":92,"column":63}}},"fnMap":{"0":{"name":"Pagination","decl":{"start":{"line":11,"column":24},"end":{"line":11,"column":34}},"loc":{"start":{"line":17,"column":8},"end":{"line":101,"column":1}}},"1":{"name":"(anonymous_1)","decl":{"start":{"line":20,"column":26},"end":{"line":20,"column":29}},"loc":{"start":{"line":20,"column":31},"end":{"line":48,"column":3}}},"2":{"name":"(anonymous_2)","decl":{"start":{"line":60,"column":17},"end":{"line":60,"column":20}},"loc":{"start":{"line":60,"column":23},"end":{"line":60,"column":63}}},"3":{"name":"(anonymous_3)","decl":{"start":{"line":68,"column":29},"end":{"line":68,"column":30}},"loc":{"start":{"line":69,"column":8},"end":{"line":86,"column":null}}},"4":{"name":"(anonymous_4)","decl":{"start":{"line":77,"column":21},"end":{"line":77,"column":24}},"loc":{"start":{"line":77,"column":27},"end":{"line":77,"column":45}}},"5":{"name":"(anonymous_5)","decl":{"start":{"line":92,"column":17},"end":{"line":92,"column":20}},"loc":{"start":{"line":92,"column":23},"end":{"line":92,"column":63}}}},"branchMap":{"0":{"loc":{"start":{"line":33,"column":4},"end":{"line":37,"column":5}},"type":"if","locations":[{"start":{"line":33,"column":4},"end":{"line":37,"column":5}},{"start":{"line":35,"column":11},"end":{"line":37,"column":5}}]},"1":{"loc":{"start":{"line":41,"column":4},"end":{"line":45,"column":5}},"type":"if","locations":[{"start":{"line":41,"column":4},"end":{"line":45,"column":5}},{"start":{"line":43,"column":11},"end":{"line":45,"column":5}}]},"2":{"loc":{"start":{"line":43,"column":11},"end":{"line":45,"column":5}},"type":"if","locations":[{"start":{"line":43,"column":11},"end":{"line":45,"column":5}},{"start":{},"end":{}}]},"3":{"loc":{"start":{"line":50,"column":2},"end":{"line":50,"column":35}},"type":"if","locations":[{"start":{"line":50,"column":2},"end":{"line":50,"column":35}},{"start":{},"end":{}}]},"4":{"loc":{"start":{"line":60,"column":23},"end":{"line":60,"column":63}},"type":"binary-expr","locations":[{"start":{"line":60,"column":23},"end":{"line":60,"column":30}},{"start":{"line":60,"column":34},"end":{"line":60,"column":63}}]},"5":{"loc":{"start":{"line":69,"column":8},"end":{"line":86,"column":null}},"type":"cond-expr","locations":[{"start":{"line":70,"column":10},"end":{"line":70,"column":34}},{"start":{"line":74,"column":10},"end":{"line":75,"column":null}}]},"6":{"loc":{"start":{"line":78,"column":26},"end":{"line":78,"column":67}},"type":"cond-expr","locations":[{"start":{"line":78,"column":49},"end":{"line":78,"column":55}},{"start":{"line":78,"column":58},"end":{"line":78,"column":67}}]},"7":{"loc":{"start":{"line":80,"column":14},"end":{"line":82,"column":null}},"type":"cond-expr","locations":[{"start":{"line":81,"column":18},"end":{"line":81,"column":42}},{"start":{"line":82,"column":18},"end":{"line":82,"column":null}}]},"8":{"loc":{"start":{"line":92,"column":23},"end":{"line":92,"column":63}},"type":"binary-expr","locations":[{"start":{"line":92,"column":23},"end":{"line":92,"column":30}},{"start":{"line":92,"column":34},"end":{"line":92,"column":63}}]}},"s":{"0":1,"1":1,"2":8,"3":8,"4":7,"5":7,"6":7,"7":7,"8":7,"9":16,"10":7,"11":1,"12":6,"13":7,"14":7,"15":4,"16":3,"17":3,"18":7,"19":8,"20":1,"21":7,"22":0,"23":35,"24":1,"25":1},"f":{"0":8,"1":7,"2":0,"3":35,"4":1,"5":1},"b":{"0":[1,6],"1":[4,3],"2":[3,0],"3":[1,7],"4":[0,0],"5":[5,30],"6":[7,23],"7":[7,23],"8":[1,1]}}
,"C:\\Users\\nicolas\\Desktop\\prueba2\\react-optimization-accesibility\\src\\components\\ResponsiveImage.tsx": {"path":"C:\\Users\\nicolas\\Desktop\\prueba2\\react-optimization-accesibility\\src\\components\\ResponsiveImage.tsx","statementMap":{"0":{"start":{"line":13,"column":0},"end":{"line":13,"column":24}},"1":{"start":{"line":22,"column":18},"end":{"line":22,"column":45}},"2":{"start":{"line":23,"column":17},"end":{"line":25,"column":15}},"3":{"start":{"line":24,"column":23},"end":{"line":24,"column":41}},"4":{"start":{"line":26,"column":16},"end":{"line":28,"column":15}},"5":{"start":{"line":30,"column":2},"end":{"line":42,"column":4}}},"fnMap":{"0":{"name":"ResponsiveImage","decl":{"start":{"line":13,"column":24},"end":{"line":13,"column":39}},"loc":{"start":{"line":21,"column":8},"end":{"line":43,"column":1}}},"1":{"name":"(anonymous_1)","decl":{"start":{"line":24,"column":18},"end":{"line":24,"column":19}},"loc":{"start":{"line":24,"column":23},"end":{"line":24,"column":41}}}},"branchMap":{"0":{"loc":{"start":{"line":18,"column":2},"end":{"line":18,"column":18}},"type":"default-arg","locations":[{"start":{"line":18,"column":13},"end":{"line":18,"column":18}}]},"1":{"loc":{"start":{"line":19,"column":2},"end":{"line":19,"column":14}},"type":"default-arg","locations":[{"start":{"line":19,"column":12},"end":{"line":19,"column":14}}]},"2":{"loc":{"start":{"line":22,"column":18},"end":{"line":22,"column":45}},"type":"cond-expr","locations":[{"start":{"line":22,"column":29},"end":{"line":22,"column":36}},{"start":{"line":22,"column":39},"end":{"line":22,"column":45}}]},"3":{"loc":{"start":{"line":23,"column":17},"end":{"line":25,"column":15}},"type":"cond-expr","locations":[{"start":{"line":24,"column":6},"end":{"line":24,"column":53}},{"start":{"line":25,"column":6},"end":{"line":25,"column":15}}]},"4":{"loc":{"start":{"line":26,"column":16},"end":{"line":28,"column":15}},"type":"cond-expr","locations":[{"start":{"line":27,"column":6},"end":{"line":27,"column":40}},{"start":{"line":28,"column":6},"end":{"line":28,"column":15}}]},"5":{"loc":{"start":{"line":38,"column":11},"end":{"line":38,"column":42}},"type":"cond-expr","locations":[{"start":{"line":38,"column":20},"end":{"line":38,"column":37}},{"start":{"line":38,"column":40},"end":{"line":38,"column":42}}]}},"s":{"0":0,"1":0,"2":0,"3":0,"4":0,"5":0},"f":{"0":0,"1":0},"b":{"0":[0],"1":[0],"2":[0,0],"3":[0,0],"4":[0,0],"5":[0,0]}}
,"C:\\Users\\nicolas\\Desktop\\prueba2\\react-optimization-accesibility\\src\\components\\SearchBar.tsx": {"path":"C:\\Users\\nicolas\\Desktop\\prueba2\\react-optimization-accesibility\\src\\components\\SearchBar.tsx","statementMap":{"0":{"start":{"line":9,"column":0},"end":{"line":9,"column":24}},"1":{"start":{"line":1,"column":0},"end":{"line":1,"column":33}},"2":{"start":{"line":2,"column":0},"end":{"line":2,"column":47}},"3":{"start":{"line":10,"column":16},"end":{"line":10,"column":32}},"4":{"start":{"line":11,"column":28},"end":{"line":11,"column":40}},"5":{"start":{"line":13,"column":23},"end":{"line":16,"column":3}},"6":{"start":{"line":14,"column":4},"end":{"line":14,"column":23}},"7":{"start":{"line":15,"column":4},"end":{"line":15,"column":27}},"8":{"start":{"line":18,"column":22},"end":{"line":21,"column":3}},"9":{"start":{"line":19,"column":4},"end":{"line":19,"column":17}},"10":{"start":{"line":20,"column":4},"end":{"line":20,"column":17}},"11":{"start":{"line":23,"column":2},"end":{"line":68,"column":4}},"12":{"start":{"line":40,"column":29},"end":{"line":40,"column":53}}},"fnMap":{"0":{"name":"SearchBar","decl":{"start":{"line":9,"column":24},"end":{"line":9,"column":33}},"loc":{"start":{"line":9,"column":72},"end":{"line":69,"column":1}}},"1":{"name":"(anonymous_1)","decl":{"start":{"line":13,"column":23},"end":{"line":13,"column":24}},"loc":{"start":{"line":13,"column":46},"end":{"line":16,"column":3}}},"2":{"name":"(anonymous_2)","decl":{"start":{"line":18,"column":22},"end":{"line":18,"column":25}},"loc":{"start":{"line":18,"column":27},"end":{"line":21,"column":3}}},"3":{"name":"(anonymous_3)","decl":{"start":{"line":40,"column":22},"end":{"line":40,"column":23}},"loc":{"start":{"line":40,"column":29},"end":{"line":40,"column":53}}}},"branchMap":{"0":{"loc":{"start":{"line":9,"column":46},"end":{"line":9,"column":63}},"type":"default-arg","locations":[{"start":{"line":9,"column":58},"end":{"line":9,"column":63}}]},"1":{"loc":{"start":{"line":47,"column":11},"end":{"line":55,"column":null}},"type":"binary-expr","locations":[{"start":{"line":47,"column":11},"end":{"line":47,"column":16}},{"start":{"line":48,"column":12},"end":{"line":52,"column":null}}]}},"s":{"0":1,"1":1,"2":1,"3":7,"4":7,"5":7,"6":0,"7":0,"8":7,"9":0,"10":0,"11":7,"12":0},"f":{"0":7,"1":0,"2":0,"3":0},"b":{"0":[6],"1":[7,0]}}
,"C:\\Users\\nicolas\\Desktop\\prueba2\\react-optimization-accesibility\\src\\hooks\\useCharacters.ts": {"path":"C:\\Users\\nicolas\\Desktop\\prueba2\\react-optimization-accesibility\\src\\hooks\\useCharacters.ts","statementMap":{"0":{"start":{"line":1,"column":0},"end":{"line":1,"column":57}},"1":{"start":{"line":3,"column":0},"end":{"line":3,"column":62}},"2":{"start":{"line":17,"column":29},"end":{"line":90,"column":1}},"3":{"start":{"line":18,"column":28},"end":{"line":28,"column":4}},"4":{"start":{"line":30,"column":40},"end":{"line":30,"column":52}},"5":{"start":{"line":32,"column":26},"end":{"line":69,"column":8}},"6":{"start":{"line":33,"column":4},"end":{"line":33,"column":64}},"7":{"start":{"line":33,"column":22},"end":{"line":33,"column":61}},"8":{"start":{"line":35,"column":4},"end":{"line":68,"column":5}},"9":{"start":{"line":38,"column":6},"end":{"line":42,"column":7}},"10":{"start":{"line":39,"column":8},"end":{"line":39,"column":71}},"11":{"start":{"line":41,"column":8},"end":{"line":41,"column":61}},"12":{"start":{"line":44,"column":6},"end":{"line":54,"column":10}},"13":{"start":{"line":44,"column":24},"end":{"line":54,"column":8}},"14":{"start":{"line":56,"column":6},"end":{"line":67,"column":10}},"15":{"start":{"line":56,"column":24},"end":{"line":67,"column":8}},"16":{"start":{"line":71,"column":23},"end":{"line":74,"column":23}},"17":{"start":{"line":72,"column":4},"end":{"line":72,"column":26}},"18":{"start":{"line":73,"column":4},"end":{"line":73,"column":30}},"19":{"start":{"line":76,"column":27},"end":{"line":78,"column":36}},"20":{"start":{"line":77,"column":4},"end":{"line":77,"column":39}},"21":{"start":{"line":80,"column":2},"end":{"line":82,"column":24}},"22":{"start":{"line":81,"column":4},"end":{"line":81,"column":22}},"23":{"start":{"line":84,"column":2},"end":{"line":89,"column":4}},"24":{"start":{"line":88,"column":19},"end":{"line":88,"column":77}},"25":{"start":{"line":17,"column":13},"end":{"line":17,"column":29}}},"fnMap":{"0":{"name":"(anonymous_0)","decl":{"start":{"line":17,"column":29},"end":{"line":17,"column":32}},"loc":{"start":{"line":17,"column":34},"end":{"line":90,"column":1}}},"1":{"name":"(anonymous_1)","decl":{"start":{"line":32,"column":38},"end":{"line":32,"column":43}},"loc":{"start":{"line":32,"column":85},"end":{"line":69,"column":3}}},"2":{"name":"(anonymous_2)","decl":{"start":{"line":33,"column":13},"end":{"line":33,"column":17}},"loc":{"start":{"line":33,"column":22},"end":{"line":33,"column":61}}},"3":{"name":"(anonymous_3)","decl":{"start":{"line":44,"column":15},"end":{"line":44,"column":19}},"loc":{"start":{"line":44,"column":24},"end":{"line":54,"column":8}}},"4":{"name":"(anonymous_4)","decl":{"start":{"line":56,"column":15},"end":{"line":56,"column":19}},"loc":{"start":{"line":56,"column":24},"end":{"line":67,"column":8}}},"5":{"name":"(anonymous_5)","decl":{"start":{"line":71,"column":35},"end":{"line":71,"column":36}},"loc":{"start":{"line":71,"column":53},"end":{"line":74,"column":3}}},"6":{"name":"(anonymous_6)","decl":{"start":{"line":76,"column":39},"end":{"line":76,"column":40}},"loc":{"start":{"line":76,"column":56},"end":{"line":78,"column":3}}},"7":{"name":"(anonymous_7)","decl":{"start":{"line":80,"column":12},"end":{"line":80,"column":15}},"loc":{"start":{"line":80,"column":17},"end":{"line":82,"column":3}}},"8":{"name":"(anonymous_8)","decl":{"start":{"line":88,"column":13},"end":{"line":88,"column":16}},"loc":{"start":{"line":88,"column":19},"end":{"line":88,"column":77}}}},"branchMap":{"0":{"loc":{"start":{"line":32,"column":45},"end":{"line":32,"column":61}},"type":"default-arg","locations":[{"start":{"line":32,"column":60},"end":{"line":32,"column":61}}]},"1":{"loc":{"start":{"line":32,"column":63},"end":{"line":32,"column":81}},"type":"default-arg","locations":[{"start":{"line":32,"column":79},"end":{"line":32,"column":81}}]},"2":{"loc":{"start":{"line":38,"column":6},"end":{"line":42,"column":7}},"type":"if","locations":[{"start":{"line":38,"column":6},"end":{"line":42,"column":7}},{"start":{"line":40,"column":13},"end":{"line":42,"column":7}}]},"3":{"loc":{"start":{"line":59,"column":15},"end":{"line":59,"column":75}},"type":"cond-expr","locations":[{"start":{"line":59,"column":40},"end":{"line":59,"column":53}},{"start":{"line":59,"column":56},"end":{"line":59,"column":75}}]}},"s":{"0":1,"1":1,"2":1,"3":14,"4":14,"5":14,"6":6,"7":6,"8":6,"9":6,"10":1,"11":5,"12":5,"13":5,"14":1,"15":1,"16":14,"17":1,"18":1,"19":14,"20":1,"21":14,"22":4,"23":14,"24":0,"25":1},"f":{"0":14,"1":6,"2":6,"3":5,"4":1,"5":1,"6":1,"7":4,"8":0},"b":{"0":[4],"1":[4],"2":[1,5],"3":[1,0]}}
,"C:\\Users\\nicolas\\Desktop\\prueba2\\react-optimization-accesibility\\src\\services\\mockApi.ts": {"path":"C:\\Users\\nicolas\\Desktop\\prueba2\\react-optimization-accesibility\\src\\services\\mockApi.ts","statementMap":{"0":{"start":{"line":4,"column":36},"end":{"line":117,"column":2}},"1":{"start":{"line":119,"column":14},"end":{"line":119,"column":77}},"2":{"start":{"line":119,"column":30},"end":{"line":119,"column":77}},"3":{"start":{"line":119,"column":53},"end":{"line":119,"column":76}},"4":{"start":{"line":121,"column":13},"end":{"line":161,"column":2}},"5":{"start":{"line":123,"column":4},"end":{"line":123,"column":21}},"6":{"start":{"line":124,"column":21},"end":{"line":124,"column":23}},"7":{"start":{"line":125,"column":23},"end":{"line":125,"column":44}},"8":{"start":{"line":126,"column":21},"end":{"line":126,"column":42}},"9":{"start":{"line":127,"column":23},"end":{"line":127,"column":65}},"10":{"start":{"line":129,"column":4},"end":{"line":137,"column":6}},"11":{"start":{"line":141,"column":4},"end":{"line":141,"column":21}},"12":{"start":{"line":142,"column":31},"end":{"line":143,"column":null}},"13":{"start":{"line":143,"column":6},"end":{"line":143,"column":58}},"14":{"start":{"line":146,"column":21},"end":{"line":146,"column":23}},"15":{"start":{"line":147,"column":23},"end":{"line":147,"column":44}},"16":{"start":{"line":148,"column":21},"end":{"line":148,"column":42}},"17":{"start":{"line":149,"column":23},"end":{"line":149,"column":69}},"18":{"start":{"line":151,"column":4},"end":{"line":159,"column":6}}},"fnMap":{"0":{"name":"(anonymous_0)","decl":{"start":{"line":119,"column":14},"end":{"line":119,"column":15}},"loc":{"start":{"line":119,"column":30},"end":{"line":119,"column":77}}},"1":{"name":"(anonymous_1)","decl":{"start":{"line":119,"column":42},"end":{"line":119,"column":49}},"loc":{"start":{"line":119,"column":53},"end":{"line":119,"column":76}}},"2":{"name":"(anonymous_2)","decl":{"start":{"line":122,"column":17},"end":{"line":122,"column":22}},"loc":{"start":{"line":122,"column":72},"end":{"line":138,"column":3}}},"3":{"name":"(anonymous_3)","decl":{"start":{"line":140,"column":20},"end":{"line":140,"column":25}},"loc":{"start":{"line":140,"column":89},"end":{"line":160,"column":3}}},"4":{"name":"(anonymous_4)","decl":{"start":{"line":142,"column":53},"end":{"line":142,"column":57}},"loc":{"start":{"line":143,"column":6},"end":{"line":143,"column":58}}}},"branchMap":{"0":{"loc":{"start":{"line":122,"column":24},"end":{"line":122,"column":40}},"type":"default-arg","locations":[{"start":{"line":122,"column":39},"end":{"line":122,"column":40}}]},"1":{"loc":{"start":{"line":133,"column":14},"end":{"line":133,"column":75}},"type":"cond-expr","locations":[{"start":{"line":133,"column":49},"end":{"line":133,"column":68}},{"start":{"line":133,"column":71},"end":{"line":133,"column":75}}]},"2":{"loc":{"start":{"line":134,"column":14},"end":{"line":134,"column":51}},"type":"cond-expr","locations":[{"start":{"line":134,"column":25},"end":{"line":134,"column":44}},{"start":{"line":134,"column":47},"end":{"line":134,"column":51}}]},"3":{"loc":{"start":{"line":140,"column":41},"end":{"line":140,"column":57}},"type":"default-arg","locations":[{"start":{"line":140,"column":56},"end":{"line":140,"column":57}}]},"4":{"loc":{"start":{"line":155,"column":14},"end":{"line":155,"column":79}},"type":"cond-expr","locations":[{"start":{"line":155,"column":53},"end":{"line":155,"column":72}},{"start":{"line":155,"column":75},"end":{"line":155,"column":79}}]},"5":{"loc":{"start":{"line":156,"column":14},"end":{"line":156,"column":51}},"type":"cond-expr","locations":[{"start":{"line":156,"column":25},"end":{"line":156,"column":44}},{"start":{"line":156,"column":47},"end":{"line":156,"column":51}}]}},"s":{"0":1,"1":1,"2":7,"3":7,"4":1,"5":3,"6":3,"7":3,"8":3,"9":3,"10":3,"11":4,"12":4,"13":32,"14":4,"15":4,"16":4,"17":4,"18":4},"f":{"0":7,"1":7,"2":3,"3":4,"4":32},"b":{"0":[0],"1":[0,3],"2":[1,2],"3":[4],"4":[0,4],"5":[0,4]}}
}
