TN:
SF:src\components\CharacterCard.tsx
FN:6,CharacterCard
FN:9,(anonymous_1)
FNF:2
FNH:2
FNDA:5,CharacterCard
FNDA:5,(anonymous_1)
DA:2,1
DA:6,1
DA:7,5
DA:9,5
DA:10,5
DA:12,3
DA:14,1
DA:16,1
DA:20,5
DA:21,5
DA:22,5
DA:23,5
DA:24,5
DA:26,5
LF:14
LH:14
BRDA:10,0,0,3
BRDA:10,0,1,1
BRDA:10,0,2,1
BRDA:20,1,0,5
BRDA:20,1,1,0
BRDA:21,2,0,5
BRDA:21,2,1,0
BRDA:22,3,0,5
BRDA:22,3,1,0
BRDA:23,4,0,5
BRDA:23,4,1,0
BRDA:24,5,0,5
BRDA:24,5,1,0
BRF:13
BRH:8
end_of_record
TN:
SF:src\components\LanguageSwitcher.tsx
FN:3,LanguageSwitcher
FN:5,(anonymous_1)
FNF:2
FNH:0
FNDA:0,LanguageSwitcher
FNDA:0,(anonymous_1)
DA:1,0
DA:3,0
DA:4,0
DA:5,0
DA:6,0
DA:9,0
LF:6
LH:0
BRF:0
BRH:0
end_of_record
TN:
SF:src\components\LoadingSpinner.tsx
FN:3,(anonymous_0)
FNF:1
FNH:1
FNDA:2,(anonymous_0)
DA:3,1
DA:4,2
DA:11,1
LF:3
LH:3
BRF:0
BRH:0
end_of_record
TN:
SF:src\components\Pagination.tsx
FN:11,Pagination
FN:20,(anonymous_1)
FN:60,(anonymous_2)
FN:68,(anonymous_3)
FN:77,(anonymous_4)
FN:92,(anonymous_5)
FNF:6
FNH:5
FNDA:8,Pagination
FNDA:7,(anonymous_1)
FNDA:0,(anonymous_2)
FNDA:35,(anonymous_3)
FNDA:1,(anonymous_4)
FNDA:1,(anonymous_5)
DA:1,1
DA:11,1
DA:18,8
DA:20,8
DA:21,7
DA:22,7
DA:23,7
DA:25,7
DA:26,7
DA:30,16
DA:33,7
DA:34,1
DA:36,6
DA:39,7
DA:41,7
DA:42,4
DA:43,3
DA:44,3
DA:47,7
DA:50,8
DA:52,7
DA:60,0
DA:69,35
DA:77,1
DA:92,1
LF:25
LH:24
BRDA:33,0,0,1
BRDA:33,0,1,6
BRDA:41,1,0,4
BRDA:41,1,1,3
BRDA:43,2,0,3
BRDA:43,2,1,0
BRDA:50,3,0,1
BRDA:50,3,1,7
BRDA:60,4,0,0
BRDA:60,4,1,0
BRDA:69,5,0,5
BRDA:69,5,1,30
BRDA:78,6,0,7
BRDA:78,6,1,23
BRDA:80,7,0,7
BRDA:80,7,1,23
BRDA:92,8,0,1
BRDA:92,8,1,1
BRF:18
BRH:15
end_of_record
TN:
SF:src\components\ResponsiveImage.tsx
FN:13,ResponsiveImage
FN:24,(anonymous_1)
FNF:2
FNH:0
FNDA:0,ResponsiveImage
FNDA:0,(anonymous_1)
DA:13,0
DA:22,0
DA:23,0
DA:24,0
DA:26,0
DA:30,0
LF:6
LH:0
BRDA:18,0,0,0
BRDA:19,1,0,0
BRDA:22,2,0,0
BRDA:22,2,1,0
BRDA:23,3,0,0
BRDA:23,3,1,0
BRDA:26,4,0,0
BRDA:26,4,1,0
BRDA:38,5,0,0
BRDA:38,5,1,0
BRF:10
BRH:0
end_of_record
TN:
SF:src\components\SearchBar.tsx
FN:9,SearchBar
FN:13,(anonymous_1)
FN:18,(anonymous_2)
FN:40,(anonymous_3)
FNF:4
FNH:1
FNDA:7,SearchBar
FNDA:0,(anonymous_1)
FNDA:0,(anonymous_2)
FNDA:0,(anonymous_3)
DA:1,1
DA:2,1
DA:9,1
DA:10,7
DA:11,7
DA:13,7
DA:14,0
DA:15,0
DA:18,7
DA:19,0
DA:20,0
DA:23,7
DA:40,0
LF:13
LH:8
BRDA:9,0,0,6
BRDA:47,1,0,7
BRDA:47,1,1,0
BRF:3
BRH:2
end_of_record
TN:
SF:src\hooks\useCharacters.ts
FN:17,(anonymous_0)
FN:32,(anonymous_1)
FN:33,(anonymous_2)
FN:44,(anonymous_3)
FN:56,(anonymous_4)
FN:71,(anonymous_5)
FN:76,(anonymous_6)
FN:80,(anonymous_7)
FN:88,(anonymous_8)
FNF:9
FNH:8
FNDA:14,(anonymous_0)
FNDA:6,(anonymous_1)
FNDA:6,(anonymous_2)
FNDA:5,(anonymous_3)
FNDA:1,(anonymous_4)
FNDA:1,(anonymous_5)
FNDA:1,(anonymous_6)
FNDA:4,(anonymous_7)
FNDA:0,(anonymous_8)
DA:1,1
DA:3,1
DA:17,1
DA:18,14
DA:30,14
DA:32,14
DA:33,6
DA:35,6
DA:38,6
DA:39,1
DA:41,5
DA:44,5
DA:56,1
DA:71,14
DA:72,1
DA:73,1
DA:76,14
DA:77,1
DA:80,14
DA:81,4
DA:84,14
DA:88,0
LF:22
LH:21
BRDA:32,0,0,4
BRDA:32,1,0,4
BRDA:38,2,0,1
BRDA:38,2,1,5
BRDA:59,3,0,1
BRDA:59,3,1,0
BRF:6
BRH:5
end_of_record
TN:
SF:src\services\mockApi.ts
FN:119,(anonymous_0)
FN:119,(anonymous_1)
FN:122,(anonymous_2)
FN:140,(anonymous_3)
FN:142,(anonymous_4)
FNF:5
FNH:5
FNDA:7,(anonymous_0)
FNDA:7,(anonymous_1)
FNDA:3,(anonymous_2)
FNDA:4,(anonymous_3)
FNDA:32,(anonymous_4)
DA:4,1
DA:119,7
DA:121,1
DA:123,3
DA:124,3
DA:125,3
DA:126,3
DA:127,3
DA:129,3
DA:141,4
DA:142,4
DA:143,32
DA:146,4
DA:147,4
DA:148,4
DA:149,4
DA:151,4
LF:17
LH:17
BRDA:122,0,0,0
BRDA:133,1,0,0
BRDA:133,1,1,3
BRDA:134,2,0,1
BRDA:134,2,1,2
BRDA:140,3,0,4
BRDA:155,4,0,0
BRDA:155,4,1,4
BRDA:156,5,0,0
BRDA:156,5,1,4
BRF:10
BRH:6
end_of_record
